<?xml version="1.0" encoding="UTF-8"?>
<testsuite xmlns:xsi="http://www.w3.org/2001/XMLSchema-instance" xsi:noNamespaceSchemaLocation="https://maven.apache.org/surefire/maven-surefire-plugin/xsd/surefire-test-report-3.0.xsd" version="3.0" name="Testing.CategoryDAOTest" time="0.739" tests="5" errors="0" skipped="0" failures="0">
  <properties>
[...]
</properties>
  <testcase name="testUpdateCategory" classname="Testing.CategoryDAOTest" time="0.152">
    <system-out><![CDATA[Hibernate: drop table if exists Author cascade 
Hibernate: drop table if exists Book cascade 
Hibernate: drop table if exists Book_Author cascade 
Hibernate: drop table if exists Category cascade 
Hibernate: create table Author (id bigint generated by default as identity, name varchar(255), primary key (id))
Hibernate: create table Book (pageCount integer, category_id bigint, id bigint generated by default as identity, book_type varchar(31) not null, format varchar(255), title varchar(255), primary key (id))
Hibernate: create table Book_Author (Book_id bigint not null, authors_id bigint not null, primary key (Book_id, authors_id))
Hibernate: create table Category (id bigint generated by default as identity, name varchar(255), primary key (id))
Hibernate: alter table if exists Book add constraint FKe4psgwi6953wvbqxruna75yax foreign key (category_id) references Category
Hibernate: alter table if exists Book_Author add constraint FKt42qaxhbq87yfijncjfrs5ukc foreign key (authors_id) references Author
Hibernate: alter table if exists Book_Author add constraint FKsbb54ii8mmfvh6h2lr0vf2r7f foreign key (Book_id) references Book
Hibernate: insert into Category (name,id) values (?,default)
Hibernate: select c1_0.id,c1_0.name from Category c1_0 where c1_0.id=?
Hibernate: update Category set name=? where id=?
Hibernate: select c1_0.id,c1_0.name from Category c1_0 where c1_0.id=?
]]></system-out>
    <system-err><![CDATA[nov. 21, 2023 10:45:28 AM org.hibernate.jpa.internal.util.LogHelper logPersistenceUnitInformation
INFO: HHH000204: Processing PersistenceUnitInfo [name: myPersistenceUnit]
nov. 21, 2023 10:45:28 AM org.hibernate.cache.internal.RegionFactoryInitiator initiateService
INFO: HHH000026: Second-level cache disabled
nov. 21, 2023 10:45:28 AM org.hibernate.engine.jdbc.connections.internal.DriverManagerConnectionProviderImpl configure
WARN: HHH10001002: Using built-in connection pool (not intended for production use)
nov. 21, 2023 10:45:28 AM org.hibernate.engine.jdbc.connections.internal.DriverManagerConnectionProviderImpl buildCreator
INFO: HHH10001005: Loaded JDBC driver class: org.h2.Driver
nov. 21, 2023 10:45:28 AM org.hibernate.engine.jdbc.connections.internal.DriverManagerConnectionProviderImpl buildCreator
INFO: HHH10001012: Connecting with JDBC URL [jdbc:h2:mem:test]
nov. 21, 2023 10:45:28 AM org.hibernate.engine.jdbc.connections.internal.DriverManagerConnectionProviderImpl buildCreator
INFO: HHH10001001: Connection properties: {password=****, user=sa}
nov. 21, 2023 10:45:28 AM org.hibernate.engine.jdbc.connections.internal.DriverManagerConnectionProviderImpl buildCreator
INFO: HHH10001003: Autocommit mode: false
nov. 21, 2023 10:45:28 AM org.hibernate.engine.jdbc.connections.internal.DriverManagerConnectionProviderImpl$PooledConnections <init>
INFO: HHH10001115: Connection pool size: 20 (min=1)
nov. 21, 2023 10:45:28 AM org.hibernate.dialect.Dialect checkVersion
WARN: HHH000511: The 1.4.200 version for [org.hibernate.dialect.H2Dialect] is no longer supported, hence certain features may not work properly. The minimum supported version is 2.1.214. Check the community dialects project for available legacy versions.
nov. 21, 2023 10:45:28 AM org.hibernate.engine.transaction.jta.platform.internal.JtaPlatformInitiator initiateService
INFO: HHH000489: No JTA platform available (set 'hibernate.transaction.jta.platform' to enable JTA platform integration)
nov. 21, 2023 10:45:28 AM org.hibernate.resource.transaction.backend.jdbc.internal.DdlTransactionIsolatorNonJtaImpl getIsolatedConnection
INFO: HHH10001501: Connection obtained from JdbcConnectionAccess [org.hibernate.engine.jdbc.env.internal.JdbcEnvironmentInitiator$ConnectionProviderJdbcConnectionAccess@748aa7dc] for (non-JTA) DDL execution was not in auto-commit mode; the Connection 'local transaction' will be committed and the Connection will be set into auto-commit mode.
nov. 21, 2023 10:45:28 AM org.hibernate.resource.transaction.backend.jdbc.internal.DdlTransactionIsolatorNonJtaImpl getIsolatedConnection
INFO: HHH10001501: Connection obtained from JdbcConnectionAccess [org.hibernate.engine.jdbc.env.internal.JdbcEnvironmentInitiator$ConnectionProviderJdbcConnectionAccess@31e84f10] for (non-JTA) DDL execution was not in auto-commit mode; the Connection 'local transaction' will be committed and the Connection will be set into auto-commit mode.
nov. 21, 2023 10:45:28 AM org.hibernate.engine.jdbc.connections.internal.DriverManagerConnectionProviderImpl$PoolState stop
INFO: HHH10001008: Cleaning up connection pool [jdbc:h2:mem:test]
]]></system-err>
  </testcase>
  <testcase name="testCreateCategory" classname="Testing.CategoryDAOTest" time="0.168">
    <system-out><![CDATA[Hibernate: drop table if exists Author cascade 
Hibernate: drop table if exists Book cascade 
Hibernate: drop table if exists Book_Author cascade 
Hibernate: drop table if exists Category cascade 
Hibernate: create table Author (id bigint generated by default as identity, name varchar(255), primary key (id))
Hibernate: create table Book (pageCount integer, category_id bigint, id bigint generated by default as identity, book_type varchar(31) not null, format varchar(255), title varchar(255), primary key (id))
Hibernate: create table Book_Author (Book_id bigint not null, authors_id bigint not null, primary key (Book_id, authors_id))
Hibernate: create table Category (id bigint generated by default as identity, name varchar(255), primary key (id))
Hibernate: alter table if exists Book add constraint FKe4psgwi6953wvbqxruna75yax foreign key (category_id) references Category
Hibernate: alter table if exists Book_Author add constraint FKt42qaxhbq87yfijncjfrs5ukc foreign key (authors_id) references Author
Hibernate: alter table if exists Book_Author add constraint FKsbb54ii8mmfvh6h2lr0vf2r7f foreign key (Book_id) references Book
Hibernate: insert into Category (name,id) values (?,default)
]]></system-out>
    <system-err><![CDATA[nov. 21, 2023 10:45:28 AM org.hibernate.jpa.internal.util.LogHelper logPersistenceUnitInformation
INFO: HHH000204: Processing PersistenceUnitInfo [name: myPersistenceUnit]
nov. 21, 2023 10:45:28 AM org.hibernate.cache.internal.RegionFactoryInitiator initiateService
INFO: HHH000026: Second-level cache disabled
nov. 21, 2023 10:45:28 AM org.hibernate.engine.jdbc.connections.internal.DriverManagerConnectionProviderImpl configure
WARN: HHH10001002: Using built-in connection pool (not intended for production use)
nov. 21, 2023 10:45:28 AM org.hibernate.engine.jdbc.connections.internal.DriverManagerConnectionProviderImpl buildCreator
INFO: HHH10001005: Loaded JDBC driver class: org.h2.Driver
nov. 21, 2023 10:45:28 AM org.hibernate.engine.jdbc.connections.internal.DriverManagerConnectionProviderImpl buildCreator
INFO: HHH10001012: Connecting with JDBC URL [jdbc:h2:mem:test]
nov. 21, 2023 10:45:28 AM org.hibernate.engine.jdbc.connections.internal.DriverManagerConnectionProviderImpl buildCreator
INFO: HHH10001001: Connection properties: {password=****, user=sa}
nov. 21, 2023 10:45:28 AM org.hibernate.engine.jdbc.connections.internal.DriverManagerConnectionProviderImpl buildCreator
INFO: HHH10001003: Autocommit mode: false
nov. 21, 2023 10:45:28 AM org.hibernate.engine.jdbc.connections.internal.DriverManagerConnectionProviderImpl$PooledConnections <init>
INFO: HHH10001115: Connection pool size: 20 (min=1)
nov. 21, 2023 10:45:28 AM org.hibernate.dialect.Dialect checkVersion
WARN: HHH000511: The 1.4.200 version for [org.hibernate.dialect.H2Dialect] is no longer supported, hence certain features may not work properly. The minimum supported version is 2.1.214. Check the community dialects project for available legacy versions.
nov. 21, 2023 10:45:29 AM org.hibernate.engine.transaction.jta.platform.internal.JtaPlatformInitiator initiateService
INFO: HHH000489: No JTA platform available (set 'hibernate.transaction.jta.platform' to enable JTA platform integration)
nov. 21, 2023 10:45:29 AM org.hibernate.resource.transaction.backend.jdbc.internal.DdlTransactionIsolatorNonJtaImpl getIsolatedConnection
INFO: HHH10001501: Connection obtained from JdbcConnectionAccess [org.hibernate.engine.jdbc.env.internal.JdbcEnvironmentInitiator$ConnectionProviderJdbcConnectionAccess@1299c874] for (non-JTA) DDL execution was not in auto-commit mode; the Connection 'local transaction' will be committed and the Connection will be set into auto-commit mode.
nov. 21, 2023 10:45:29 AM org.hibernate.resource.transaction.backend.jdbc.internal.DdlTransactionIsolatorNonJtaImpl getIsolatedConnection
INFO: HHH10001501: Connection obtained from JdbcConnectionAccess [org.hibernate.engine.jdbc.env.internal.JdbcEnvironmentInitiator$ConnectionProviderJdbcConnectionAccess@2adce412] for (non-JTA) DDL execution was not in auto-commit mode; the Connection 'local transaction' will be committed and the Connection will be set into auto-commit mode.
nov. 21, 2023 10:45:29 AM org.hibernate.engine.jdbc.connections.internal.DriverManagerConnectionProviderImpl$PoolState stop
INFO: HHH10001008: Cleaning up connection pool [jdbc:h2:mem:test]
]]></system-err>
  </testcase>
  <testcase name="testFindById" classname="Testing.CategoryDAOTest" time="0.147">
    <system-out><![CDATA[Hibernate: drop table if exists Author cascade 
Hibernate: drop table if exists Book cascade 
Hibernate: drop table if exists Book_Author cascade 
Hibernate: drop table if exists Category cascade 
Hibernate: create table Author (id bigint generated by default as identity, name varchar(255), primary key (id))
Hibernate: create table Book (pageCount integer, category_id bigint, id bigint generated by default as identity, book_type varchar(31) not null, format varchar(255), title varchar(255), primary key (id))
Hibernate: create table Book_Author (Book_id bigint not null, authors_id bigint not null, primary key (Book_id, authors_id))
Hibernate: create table Category (id bigint generated by default as identity, name varchar(255), primary key (id))
Hibernate: alter table if exists Book add constraint FKe4psgwi6953wvbqxruna75yax foreign key (category_id) references Category
Hibernate: alter table if exists Book_Author add constraint FKt42qaxhbq87yfijncjfrs5ukc foreign key (authors_id) references Author
Hibernate: alter table if exists Book_Author add constraint FKsbb54ii8mmfvh6h2lr0vf2r7f foreign key (Book_id) references Book
Hibernate: insert into Category (name,id) values (?,default)
Hibernate: select c1_0.id,c1_0.name from Category c1_0 where c1_0.id=?
]]></system-out>
    <system-err><![CDATA[nov. 21, 2023 10:45:29 AM org.hibernate.jpa.internal.util.LogHelper logPersistenceUnitInformation
INFO: HHH000204: Processing PersistenceUnitInfo [name: myPersistenceUnit]
nov. 21, 2023 10:45:29 AM org.hibernate.cache.internal.RegionFactoryInitiator initiateService
INFO: HHH000026: Second-level cache disabled
nov. 21, 2023 10:45:29 AM org.hibernate.engine.jdbc.connections.internal.DriverManagerConnectionProviderImpl configure
WARN: HHH10001002: Using built-in connection pool (not intended for production use)
nov. 21, 2023 10:45:29 AM org.hibernate.engine.jdbc.connections.internal.DriverManagerConnectionProviderImpl buildCreator
INFO: HHH10001005: Loaded JDBC driver class: org.h2.Driver
nov. 21, 2023 10:45:29 AM org.hibernate.engine.jdbc.connections.internal.DriverManagerConnectionProviderImpl buildCreator
INFO: HHH10001012: Connecting with JDBC URL [jdbc:h2:mem:test]
nov. 21, 2023 10:45:29 AM org.hibernate.engine.jdbc.connections.internal.DriverManagerConnectionProviderImpl buildCreator
INFO: HHH10001001: Connection properties: {password=****, user=sa}
nov. 21, 2023 10:45:29 AM org.hibernate.engine.jdbc.connections.internal.DriverManagerConnectionProviderImpl buildCreator
INFO: HHH10001003: Autocommit mode: false
nov. 21, 2023 10:45:29 AM org.hibernate.engine.jdbc.connections.internal.DriverManagerConnectionProviderImpl$PooledConnections <init>
INFO: HHH10001115: Connection pool size: 20 (min=1)
nov. 21, 2023 10:45:29 AM org.hibernate.dialect.Dialect checkVersion
WARN: HHH000511: The 1.4.200 version for [org.hibernate.dialect.H2Dialect] is no longer supported, hence certain features may not work properly. The minimum supported version is 2.1.214. Check the community dialects project for available legacy versions.
nov. 21, 2023 10:45:29 AM org.hibernate.engine.transaction.jta.platform.internal.JtaPlatformInitiator initiateService
INFO: HHH000489: No JTA platform available (set 'hibernate.transaction.jta.platform' to enable JTA platform integration)
nov. 21, 2023 10:45:29 AM org.hibernate.resource.transaction.backend.jdbc.internal.DdlTransactionIsolatorNonJtaImpl getIsolatedConnection
INFO: HHH10001501: Connection obtained from JdbcConnectionAccess [org.hibernate.engine.jdbc.env.internal.JdbcEnvironmentInitiator$ConnectionProviderJdbcConnectionAccess@3c29f6be] for (non-JTA) DDL execution was not in auto-commit mode; the Connection 'local transaction' will be committed and the Connection will be set into auto-commit mode.
nov. 21, 2023 10:45:29 AM org.hibernate.resource.transaction.backend.jdbc.internal.DdlTransactionIsolatorNonJtaImpl getIsolatedConnection
INFO: HHH10001501: Connection obtained from JdbcConnectionAccess [org.hibernate.engine.jdbc.env.internal.JdbcEnvironmentInitiator$ConnectionProviderJdbcConnectionAccess@5519ef7d] for (non-JTA) DDL execution was not in auto-commit mode; the Connection 'local transaction' will be committed and the Connection will be set into auto-commit mode.
nov. 21, 2023 10:45:29 AM org.hibernate.engine.jdbc.connections.internal.DriverManagerConnectionProviderImpl$PoolState stop
INFO: HHH10001008: Cleaning up connection pool [jdbc:h2:mem:test]
]]></system-err>
  </testcase>
  <testcase name="testDeleteCategory" classname="Testing.CategoryDAOTest" time="0.145">
    <system-out><![CDATA[Hibernate: drop table if exists Author cascade 
Hibernate: drop table if exists Book cascade 
Hibernate: drop table if exists Book_Author cascade 
Hibernate: drop table if exists Category cascade 
Hibernate: create table Author (id bigint generated by default as identity, name varchar(255), primary key (id))
Hibernate: create table Book (pageCount integer, category_id bigint, id bigint generated by default as identity, book_type varchar(31) not null, format varchar(255), title varchar(255), primary key (id))
Hibernate: create table Book_Author (Book_id bigint not null, authors_id bigint not null, primary key (Book_id, authors_id))
Hibernate: create table Category (id bigint generated by default as identity, name varchar(255), primary key (id))
Hibernate: alter table if exists Book add constraint FKe4psgwi6953wvbqxruna75yax foreign key (category_id) references Category
Hibernate: alter table if exists Book_Author add constraint FKt42qaxhbq87yfijncjfrs5ukc foreign key (authors_id) references Author
Hibernate: alter table if exists Book_Author add constraint FKsbb54ii8mmfvh6h2lr0vf2r7f foreign key (Book_id) references Book
Hibernate: insert into Category (name,id) values (?,default)
Hibernate: select c1_0.id,c1_0.name from Category c1_0 where c1_0.id=?
Hibernate: delete from Category where id=?
Hibernate: select c1_0.id,c1_0.name from Category c1_0 where c1_0.id=?
]]></system-out>
    <system-err><![CDATA[nov. 21, 2023 10:45:29 AM org.hibernate.jpa.internal.util.LogHelper logPersistenceUnitInformation
INFO: HHH000204: Processing PersistenceUnitInfo [name: myPersistenceUnit]
nov. 21, 2023 10:45:29 AM org.hibernate.cache.internal.RegionFactoryInitiator initiateService
INFO: HHH000026: Second-level cache disabled
nov. 21, 2023 10:45:29 AM org.hibernate.engine.jdbc.connections.internal.DriverManagerConnectionProviderImpl configure
WARN: HHH10001002: Using built-in connection pool (not intended for production use)
nov. 21, 2023 10:45:29 AM org.hibernate.engine.jdbc.connections.internal.DriverManagerConnectionProviderImpl buildCreator
INFO: HHH10001005: Loaded JDBC driver class: org.h2.Driver
nov. 21, 2023 10:45:29 AM org.hibernate.engine.jdbc.connections.internal.DriverManagerConnectionProviderImpl buildCreator
INFO: HHH10001012: Connecting with JDBC URL [jdbc:h2:mem:test]
nov. 21, 2023 10:45:29 AM org.hibernate.engine.jdbc.connections.internal.DriverManagerConnectionProviderImpl buildCreator
INFO: HHH10001001: Connection properties: {password=****, user=sa}
nov. 21, 2023 10:45:29 AM org.hibernate.engine.jdbc.connections.internal.DriverManagerConnectionProviderImpl buildCreator
INFO: HHH10001003: Autocommit mode: false
nov. 21, 2023 10:45:29 AM org.hibernate.engine.jdbc.connections.internal.DriverManagerConnectionProviderImpl$PooledConnections <init>
INFO: HHH10001115: Connection pool size: 20 (min=1)
nov. 21, 2023 10:45:29 AM org.hibernate.dialect.Dialect checkVersion
WARN: HHH000511: The 1.4.200 version for [org.hibernate.dialect.H2Dialect] is no longer supported, hence certain features may not work properly. The minimum supported version is 2.1.214. Check the community dialects project for available legacy versions.
nov. 21, 2023 10:45:29 AM org.hibernate.engine.transaction.jta.platform.internal.JtaPlatformInitiator initiateService
INFO: HHH000489: No JTA platform available (set 'hibernate.transaction.jta.platform' to enable JTA platform integration)
nov. 21, 2023 10:45:29 AM org.hibernate.resource.transaction.backend.jdbc.internal.DdlTransactionIsolatorNonJtaImpl getIsolatedConnection
INFO: HHH10001501: Connection obtained from JdbcConnectionAccess [org.hibernate.engine.jdbc.env.internal.JdbcEnvironmentInitiator$ConnectionProviderJdbcConnectionAccess@39007725] for (non-JTA) DDL execution was not in auto-commit mode; the Connection 'local transaction' will be committed and the Connection will be set into auto-commit mode.
nov. 21, 2023 10:45:29 AM org.hibernate.resource.transaction.backend.jdbc.internal.DdlTransactionIsolatorNonJtaImpl getIsolatedConnection
INFO: HHH10001501: Connection obtained from JdbcConnectionAccess [org.hibernate.engine.jdbc.env.internal.JdbcEnvironmentInitiator$ConnectionProviderJdbcConnectionAccess@3eb8057c] for (non-JTA) DDL execution was not in auto-commit mode; the Connection 'local transaction' will be committed and the Connection will be set into auto-commit mode.
nov. 21, 2023 10:45:29 AM org.hibernate.engine.jdbc.connections.internal.DriverManagerConnectionProviderImpl$PoolState stop
INFO: HHH10001008: Cleaning up connection pool [jdbc:h2:mem:test]
]]></system-err>
  </testcase>
  <testcase name="testFindAllCategories" classname="Testing.CategoryDAOTest" time="0.123">
    <system-out><![CDATA[Hibernate: drop table if exists Author cascade 
Hibernate: drop table if exists Book cascade 
Hibernate: drop table if exists Book_Author cascade 
Hibernate: drop table if exists Category cascade 
Hibernate: create table Author (id bigint generated by default as identity, name varchar(255), primary key (id))
Hibernate: create table Book (pageCount integer, category_id bigint, id bigint generated by default as identity, book_type varchar(31) not null, format varchar(255), title varchar(255), primary key (id))
Hibernate: create table Book_Author (Book_id bigint not null, authors_id bigint not null, primary key (Book_id, authors_id))
Hibernate: create table Category (id bigint generated by default as identity, name varchar(255), primary key (id))
Hibernate: alter table if exists Book add constraint FKe4psgwi6953wvbqxruna75yax foreign key (category_id) references Category
Hibernate: alter table if exists Book_Author add constraint FKt42qaxhbq87yfijncjfrs5ukc foreign key (authors_id) references Author
Hibernate: alter table if exists Book_Author add constraint FKsbb54ii8mmfvh6h2lr0vf2r7f foreign key (Book_id) references Book
Hibernate: insert into Category (name,id) values (?,default)
Hibernate: insert into Category (name,id) values (?,default)
Hibernate: select c1_0.id,c1_0.name from Category c1_0
]]></system-out>
    <system-err><![CDATA[nov. 21, 2023 10:45:29 AM org.hibernate.jpa.internal.util.LogHelper logPersistenceUnitInformation
INFO: HHH000204: Processing PersistenceUnitInfo [name: myPersistenceUnit]
nov. 21, 2023 10:45:29 AM org.hibernate.cache.internal.RegionFactoryInitiator initiateService
INFO: HHH000026: Second-level cache disabled
nov. 21, 2023 10:45:29 AM org.hibernate.engine.jdbc.connections.internal.DriverManagerConnectionProviderImpl configure
WARN: HHH10001002: Using built-in connection pool (not intended for production use)
nov. 21, 2023 10:45:29 AM org.hibernate.engine.jdbc.connections.internal.DriverManagerConnectionProviderImpl buildCreator
INFO: HHH10001005: Loaded JDBC driver class: org.h2.Driver
nov. 21, 2023 10:45:29 AM org.hibernate.engine.jdbc.connections.internal.DriverManagerConnectionProviderImpl buildCreator
INFO: HHH10001012: Connecting with JDBC URL [jdbc:h2:mem:test]
nov. 21, 2023 10:45:29 AM org.hibernate.engine.jdbc.connections.internal.DriverManagerConnectionProviderImpl buildCreator
INFO: HHH10001001: Connection properties: {password=****, user=sa}
nov. 21, 2023 10:45:29 AM org.hibernate.engine.jdbc.connections.internal.DriverManagerConnectionProviderImpl buildCreator
INFO: HHH10001003: Autocommit mode: false
nov. 21, 2023 10:45:29 AM org.hibernate.engine.jdbc.connections.internal.DriverManagerConnectionProviderImpl$PooledConnections <init>
INFO: HHH10001115: Connection pool size: 20 (min=1)
nov. 21, 2023 10:45:29 AM org.hibernate.dialect.Dialect checkVersion
WARN: HHH000511: The 1.4.200 version for [org.hibernate.dialect.H2Dialect] is no longer supported, hence certain features may not work properly. The minimum supported version is 2.1.214. Check the community dialects project for available legacy versions.
nov. 21, 2023 10:45:29 AM org.hibernate.engine.transaction.jta.platform.internal.JtaPlatformInitiator initiateService
INFO: HHH000489: No JTA platform available (set 'hibernate.transaction.jta.platform' to enable JTA platform integration)
nov. 21, 2023 10:45:29 AM org.hibernate.resource.transaction.backend.jdbc.internal.DdlTransactionIsolatorNonJtaImpl getIsolatedConnection
INFO: HHH10001501: Connection obtained from JdbcConnectionAccess [org.hibernate.engine.jdbc.env.internal.JdbcEnvironmentInitiator$ConnectionProviderJdbcConnectionAccess@1196537d] for (non-JTA) DDL execution was not in auto-commit mode; the Connection 'local transaction' will be committed and the Connection will be set into auto-commit mode.
nov. 21, 2023 10:45:29 AM org.hibernate.resource.transaction.backend.jdbc.internal.DdlTransactionIsolatorNonJtaImpl getIsolatedConnection
INFO: HHH10001501: Connection obtained from JdbcConnectionAccess [org.hibernate.engine.jdbc.env.internal.JdbcEnvironmentInitiator$ConnectionProviderJdbcConnectionAccess@267a8777] for (non-JTA) DDL execution was not in auto-commit mode; the Connection 'local transaction' will be committed and the Connection will be set into auto-commit mode.
nov. 21, 2023 10:45:29 AM org.hibernate.engine.jdbc.connections.internal.DriverManagerConnectionProviderImpl$PoolState stop
INFO: HHH10001008: Cleaning up connection pool [jdbc:h2:mem:test]
]]></system-err>
  </testcase>
</testsuite>