<?xml version="1.0" encoding="UTF-8"?>
<testsuite xmlns:xsi="http://www.w3.org/2001/XMLSchema-instance" xsi:noNamespaceSchemaLocation="https://maven.apache.org/surefire/maven-surefire-plugin/xsd/surefire-test-report-3.0.xsd" version="3.0" name="Testing.BookDAOTest" time="0.804" tests="5" errors="0" skipped="0" failures="0">
  <properties>
[...]
</properties>
  <testcase name="testFindBooksByCategoryName" classname="Testing.BookDAOTest" time="0.21">
    <system-out><![CDATA[Hibernate: drop table if exists Author cascade 
Hibernate: drop table if exists Book cascade 
Hibernate: drop table if exists Book_Author cascade 
Hibernate: drop table if exists Category cascade 
Hibernate: create table Author (id bigint generated by default as identity, name varchar(255), primary key (id))
Hibernate: create table Book (pageCount integer, category_id bigint, id bigint generated by default as identity, book_type varchar(31) not null, format varchar(255), title varchar(255), primary key (id))
Hibernate: create table Book_Author (Book_id bigint not null, authors_id bigint not null, primary key (Book_id, authors_id))
Hibernate: create table Category (id bigint generated by default as identity, name varchar(255), primary key (id))
Hibernate: alter table if exists Book add constraint FKe4psgwi6953wvbqxruna75yax foreign key (category_id) references Category
Hibernate: alter table if exists Book_Author add constraint FKt42qaxhbq87yfijncjfrs5ukc foreign key (authors_id) references Author
Hibernate: alter table if exists Book_Author add constraint FKsbb54ii8mmfvh6h2lr0vf2r7f foreign key (Book_id) references Book
Hibernate: insert into Category (name,id) values (?,default)
Hibernate: insert into Book (category_id,title,book_type,id) values (?,?,'Book',default)
Hibernate: insert into Book (category_id,title,book_type,id) values (?,?,'Book',default)
Hibernate: select b1_0.id,b1_0.book_type,b1_0.category_id,b1_0.title,b1_0.format,b1_0.pageCount from Book b1_0 join Category c1_0 on c1_0.id=b1_0.category_id where c1_0.name=?
Hibernate: select c1_0.id,c1_0.name from Category c1_0 where c1_0.id=?
]]></system-out>
    <system-err><![CDATA[nov. 21, 2023 10:45:27 AM org.hibernate.jpa.internal.util.LogHelper logPersistenceUnitInformation
INFO: HHH000204: Processing PersistenceUnitInfo [name: myPersistenceUnit]
nov. 21, 2023 10:45:27 AM org.hibernate.cache.internal.RegionFactoryInitiator initiateService
INFO: HHH000026: Second-level cache disabled
nov. 21, 2023 10:45:27 AM org.hibernate.engine.jdbc.connections.internal.DriverManagerConnectionProviderImpl configure
WARN: HHH10001002: Using built-in connection pool (not intended for production use)
nov. 21, 2023 10:45:27 AM org.hibernate.engine.jdbc.connections.internal.DriverManagerConnectionProviderImpl buildCreator
INFO: HHH10001005: Loaded JDBC driver class: org.h2.Driver
nov. 21, 2023 10:45:27 AM org.hibernate.engine.jdbc.connections.internal.DriverManagerConnectionProviderImpl buildCreator
INFO: HHH10001012: Connecting with JDBC URL [jdbc:h2:mem:test]
nov. 21, 2023 10:45:27 AM org.hibernate.engine.jdbc.connections.internal.DriverManagerConnectionProviderImpl buildCreator
INFO: HHH10001001: Connection properties: {password=****, user=sa}
nov. 21, 2023 10:45:27 AM org.hibernate.engine.jdbc.connections.internal.DriverManagerConnectionProviderImpl buildCreator
INFO: HHH10001003: Autocommit mode: false
nov. 21, 2023 10:45:27 AM org.hibernate.engine.jdbc.connections.internal.DriverManagerConnectionProviderImpl$PooledConnections <init>
INFO: HHH10001115: Connection pool size: 20 (min=1)
nov. 21, 2023 10:45:27 AM org.hibernate.dialect.Dialect checkVersion
WARN: HHH000511: The 1.4.200 version for [org.hibernate.dialect.H2Dialect] is no longer supported, hence certain features may not work properly. The minimum supported version is 2.1.214. Check the community dialects project for available legacy versions.
nov. 21, 2023 10:45:27 AM org.hibernate.engine.transaction.jta.platform.internal.JtaPlatformInitiator initiateService
INFO: HHH000489: No JTA platform available (set 'hibernate.transaction.jta.platform' to enable JTA platform integration)
nov. 21, 2023 10:45:27 AM org.hibernate.resource.transaction.backend.jdbc.internal.DdlTransactionIsolatorNonJtaImpl getIsolatedConnection
INFO: HHH10001501: Connection obtained from JdbcConnectionAccess [org.hibernate.engine.jdbc.env.internal.JdbcEnvironmentInitiator$ConnectionProviderJdbcConnectionAccess@28e91f6d] for (non-JTA) DDL execution was not in auto-commit mode; the Connection 'local transaction' will be committed and the Connection will be set into auto-commit mode.
nov. 21, 2023 10:45:27 AM org.hibernate.resource.transaction.backend.jdbc.internal.DdlTransactionIsolatorNonJtaImpl getIsolatedConnection
INFO: HHH10001501: Connection obtained from JdbcConnectionAccess [org.hibernate.engine.jdbc.env.internal.JdbcEnvironmentInitiator$ConnectionProviderJdbcConnectionAccess@16d4024e] for (non-JTA) DDL execution was not in auto-commit mode; the Connection 'local transaction' will be committed and the Connection will be set into auto-commit mode.
nov. 21, 2023 10:45:28 AM org.hibernate.engine.jdbc.connections.internal.DriverManagerConnectionProviderImpl$PoolState stop
INFO: HHH10001008: Cleaning up connection pool [jdbc:h2:mem:test]
]]></system-err>
  </testcase>
  <testcase name="testUpdateBook" classname="Testing.BookDAOTest" time="0.154">
    <system-out><![CDATA[Hibernate: drop table if exists Author cascade 
Hibernate: drop table if exists Book cascade 
Hibernate: drop table if exists Book_Author cascade 
Hibernate: drop table if exists Category cascade 
Hibernate: create table Author (id bigint generated by default as identity, name varchar(255), primary key (id))
Hibernate: create table Book (pageCount integer, category_id bigint, id bigint generated by default as identity, book_type varchar(31) not null, format varchar(255), title varchar(255), primary key (id))
Hibernate: create table Book_Author (Book_id bigint not null, authors_id bigint not null, primary key (Book_id, authors_id))
Hibernate: create table Category (id bigint generated by default as identity, name varchar(255), primary key (id))
Hibernate: alter table if exists Book add constraint FKe4psgwi6953wvbqxruna75yax foreign key (category_id) references Category
Hibernate: alter table if exists Book_Author add constraint FKt42qaxhbq87yfijncjfrs5ukc foreign key (authors_id) references Author
Hibernate: alter table if exists Book_Author add constraint FKsbb54ii8mmfvh6h2lr0vf2r7f foreign key (Book_id) references Book
Hibernate: insert into Book (category_id,title,book_type,id) values (?,?,'Book',default)
Hibernate: select b1_0.id,b1_0.book_type,c1_0.id,c1_0.name,b1_0.title,b1_0.format,b1_0.pageCount from Book b1_0 left join Category c1_0 on c1_0.id=b1_0.category_id where b1_0.id=?
Hibernate: update Book set category_id=?,title=? where id=?
Hibernate: delete from Book_Author where Book_id=?
Hibernate: select b1_0.id,b1_0.book_type,c1_0.id,c1_0.name,b1_0.title,b1_0.format,b1_0.pageCount from Book b1_0 left join Category c1_0 on c1_0.id=b1_0.category_id where b1_0.id=?
]]></system-out>
    <system-err><![CDATA[nov. 21, 2023 10:45:28 AM org.hibernate.jpa.internal.util.LogHelper logPersistenceUnitInformation
INFO: HHH000204: Processing PersistenceUnitInfo [name: myPersistenceUnit]
nov. 21, 2023 10:45:28 AM org.hibernate.cache.internal.RegionFactoryInitiator initiateService
INFO: HHH000026: Second-level cache disabled
nov. 21, 2023 10:45:28 AM org.hibernate.engine.jdbc.connections.internal.DriverManagerConnectionProviderImpl configure
WARN: HHH10001002: Using built-in connection pool (not intended for production use)
nov. 21, 2023 10:45:28 AM org.hibernate.engine.jdbc.connections.internal.DriverManagerConnectionProviderImpl buildCreator
INFO: HHH10001005: Loaded JDBC driver class: org.h2.Driver
nov. 21, 2023 10:45:28 AM org.hibernate.engine.jdbc.connections.internal.DriverManagerConnectionProviderImpl buildCreator
INFO: HHH10001012: Connecting with JDBC URL [jdbc:h2:mem:test]
nov. 21, 2023 10:45:28 AM org.hibernate.engine.jdbc.connections.internal.DriverManagerConnectionProviderImpl buildCreator
INFO: HHH10001001: Connection properties: {password=****, user=sa}
nov. 21, 2023 10:45:28 AM org.hibernate.engine.jdbc.connections.internal.DriverManagerConnectionProviderImpl buildCreator
INFO: HHH10001003: Autocommit mode: false
nov. 21, 2023 10:45:28 AM org.hibernate.engine.jdbc.connections.internal.DriverManagerConnectionProviderImpl$PooledConnections <init>
INFO: HHH10001115: Connection pool size: 20 (min=1)
nov. 21, 2023 10:45:28 AM org.hibernate.dialect.Dialect checkVersion
WARN: HHH000511: The 1.4.200 version for [org.hibernate.dialect.H2Dialect] is no longer supported, hence certain features may not work properly. The minimum supported version is 2.1.214. Check the community dialects project for available legacy versions.
nov. 21, 2023 10:45:28 AM org.hibernate.engine.transaction.jta.platform.internal.JtaPlatformInitiator initiateService
INFO: HHH000489: No JTA platform available (set 'hibernate.transaction.jta.platform' to enable JTA platform integration)
nov. 21, 2023 10:45:28 AM org.hibernate.resource.transaction.backend.jdbc.internal.DdlTransactionIsolatorNonJtaImpl getIsolatedConnection
INFO: HHH10001501: Connection obtained from JdbcConnectionAccess [org.hibernate.engine.jdbc.env.internal.JdbcEnvironmentInitiator$ConnectionProviderJdbcConnectionAccess@31b91435] for (non-JTA) DDL execution was not in auto-commit mode; the Connection 'local transaction' will be committed and the Connection will be set into auto-commit mode.
nov. 21, 2023 10:45:28 AM org.hibernate.resource.transaction.backend.jdbc.internal.DdlTransactionIsolatorNonJtaImpl getIsolatedConnection
INFO: HHH10001501: Connection obtained from JdbcConnectionAccess [org.hibernate.engine.jdbc.env.internal.JdbcEnvironmentInitiator$ConnectionProviderJdbcConnectionAccess@5d75f90e] for (non-JTA) DDL execution was not in auto-commit mode; the Connection 'local transaction' will be committed and the Connection will be set into auto-commit mode.
nov. 21, 2023 10:45:28 AM org.hibernate.engine.jdbc.connections.internal.DriverManagerConnectionProviderImpl$PoolState stop
INFO: HHH10001008: Cleaning up connection pool [jdbc:h2:mem:test]
]]></system-err>
  </testcase>
  <testcase name="testFindBooksByAuthorId" classname="Testing.BookDAOTest" time="0.169">
    <system-out><![CDATA[Hibernate: drop table if exists Author cascade 
Hibernate: drop table if exists Book cascade 
Hibernate: drop table if exists Book_Author cascade 
Hibernate: drop table if exists Category cascade 
Hibernate: create table Author (id bigint generated by default as identity, name varchar(255), primary key (id))
Hibernate: create table Book (pageCount integer, category_id bigint, id bigint generated by default as identity, book_type varchar(31) not null, format varchar(255), title varchar(255), primary key (id))
Hibernate: create table Book_Author (Book_id bigint not null, authors_id bigint not null, primary key (Book_id, authors_id))
Hibernate: create table Category (id bigint generated by default as identity, name varchar(255), primary key (id))
Hibernate: alter table if exists Book add constraint FKe4psgwi6953wvbqxruna75yax foreign key (category_id) references Category
Hibernate: alter table if exists Book_Author add constraint FKt42qaxhbq87yfijncjfrs5ukc foreign key (authors_id) references Author
Hibernate: alter table if exists Book_Author add constraint FKsbb54ii8mmfvh6h2lr0vf2r7f foreign key (Book_id) references Book
Hibernate: insert into Author (name,id) values (?,default)
Hibernate: insert into Book (category_id,title,book_type,id) values (?,?,'Book',default)
Hibernate: insert into Book_Author (Book_id,authors_id) values (?,?)
Hibernate: insert into Book (category_id,title,book_type,id) values (?,?,'Book',default)
Hibernate: insert into Book_Author (Book_id,authors_id) values (?,?)
Hibernate: select b1_0.id,b1_0.book_type,b1_0.category_id,b1_0.title,b1_0.format,b1_0.pageCount from Book b1_0 join Book_Author a1_0 on b1_0.id=a1_0.Book_id where a1_0.authors_id=?
]]></system-out>
    <system-err><![CDATA[nov. 21, 2023 10:45:28 AM org.hibernate.jpa.internal.util.LogHelper logPersistenceUnitInformation
INFO: HHH000204: Processing PersistenceUnitInfo [name: myPersistenceUnit]
nov. 21, 2023 10:45:28 AM org.hibernate.cache.internal.RegionFactoryInitiator initiateService
INFO: HHH000026: Second-level cache disabled
nov. 21, 2023 10:45:28 AM org.hibernate.engine.jdbc.connections.internal.DriverManagerConnectionProviderImpl configure
WARN: HHH10001002: Using built-in connection pool (not intended for production use)
nov. 21, 2023 10:45:28 AM org.hibernate.engine.jdbc.connections.internal.DriverManagerConnectionProviderImpl buildCreator
INFO: HHH10001005: Loaded JDBC driver class: org.h2.Driver
nov. 21, 2023 10:45:28 AM org.hibernate.engine.jdbc.connections.internal.DriverManagerConnectionProviderImpl buildCreator
INFO: HHH10001012: Connecting with JDBC URL [jdbc:h2:mem:test]
nov. 21, 2023 10:45:28 AM org.hibernate.engine.jdbc.connections.internal.DriverManagerConnectionProviderImpl buildCreator
INFO: HHH10001001: Connection properties: {password=****, user=sa}
nov. 21, 2023 10:45:28 AM org.hibernate.engine.jdbc.connections.internal.DriverManagerConnectionProviderImpl buildCreator
INFO: HHH10001003: Autocommit mode: false
nov. 21, 2023 10:45:28 AM org.hibernate.engine.jdbc.connections.internal.DriverManagerConnectionProviderImpl$PooledConnections <init>
INFO: HHH10001115: Connection pool size: 20 (min=1)
nov. 21, 2023 10:45:28 AM org.hibernate.dialect.Dialect checkVersion
WARN: HHH000511: The 1.4.200 version for [org.hibernate.dialect.H2Dialect] is no longer supported, hence certain features may not work properly. The minimum supported version is 2.1.214. Check the community dialects project for available legacy versions.
nov. 21, 2023 10:45:28 AM org.hibernate.engine.transaction.jta.platform.internal.JtaPlatformInitiator initiateService
INFO: HHH000489: No JTA platform available (set 'hibernate.transaction.jta.platform' to enable JTA platform integration)
nov. 21, 2023 10:45:28 AM org.hibernate.resource.transaction.backend.jdbc.internal.DdlTransactionIsolatorNonJtaImpl getIsolatedConnection
INFO: HHH10001501: Connection obtained from JdbcConnectionAccess [org.hibernate.engine.jdbc.env.internal.JdbcEnvironmentInitiator$ConnectionProviderJdbcConnectionAccess@1002d1c8] for (non-JTA) DDL execution was not in auto-commit mode; the Connection 'local transaction' will be committed and the Connection will be set into auto-commit mode.
nov. 21, 2023 10:45:28 AM org.hibernate.resource.transaction.backend.jdbc.internal.DdlTransactionIsolatorNonJtaImpl getIsolatedConnection
INFO: HHH10001501: Connection obtained from JdbcConnectionAccess [org.hibernate.engine.jdbc.env.internal.JdbcEnvironmentInitiator$ConnectionProviderJdbcConnectionAccess@38a27ace] for (non-JTA) DDL execution was not in auto-commit mode; the Connection 'local transaction' will be committed and the Connection will be set into auto-commit mode.
nov. 21, 2023 10:45:28 AM org.hibernate.engine.jdbc.connections.internal.DriverManagerConnectionProviderImpl$PoolState stop
INFO: HHH10001008: Cleaning up connection pool [jdbc:h2:mem:test]
]]></system-err>
  </testcase>
  <testcase name="testCreateBook" classname="Testing.BookDAOTest" time="0.126">
    <system-out><![CDATA[Hibernate: drop table if exists Author cascade 
Hibernate: drop table if exists Book cascade 
Hibernate: drop table if exists Book_Author cascade 
Hibernate: drop table if exists Category cascade 
Hibernate: create table Author (id bigint generated by default as identity, name varchar(255), primary key (id))
Hibernate: create table Book (pageCount integer, category_id bigint, id bigint generated by default as identity, book_type varchar(31) not null, format varchar(255), title varchar(255), primary key (id))
Hibernate: create table Book_Author (Book_id bigint not null, authors_id bigint not null, primary key (Book_id, authors_id))
Hibernate: create table Category (id bigint generated by default as identity, name varchar(255), primary key (id))
Hibernate: alter table if exists Book add constraint FKe4psgwi6953wvbqxruna75yax foreign key (category_id) references Category
Hibernate: alter table if exists Book_Author add constraint FKt42qaxhbq87yfijncjfrs5ukc foreign key (authors_id) references Author
Hibernate: alter table if exists Book_Author add constraint FKsbb54ii8mmfvh6h2lr0vf2r7f foreign key (Book_id) references Book
Hibernate: insert into Author (name,id) values (?,default)
Hibernate: insert into Category (name,id) values (?,default)
Hibernate: insert into Book (category_id,title,book_type,id) values (?,?,'Book',default)
Hibernate: insert into Book_Author (Book_id,authors_id) values (?,?)
]]></system-out>
    <system-err><![CDATA[nov. 21, 2023 10:45:28 AM org.hibernate.jpa.internal.util.LogHelper logPersistenceUnitInformation
INFO: HHH000204: Processing PersistenceUnitInfo [name: myPersistenceUnit]
nov. 21, 2023 10:45:28 AM org.hibernate.cache.internal.RegionFactoryInitiator initiateService
INFO: HHH000026: Second-level cache disabled
nov. 21, 2023 10:45:28 AM org.hibernate.engine.jdbc.connections.internal.DriverManagerConnectionProviderImpl configure
WARN: HHH10001002: Using built-in connection pool (not intended for production use)
nov. 21, 2023 10:45:28 AM org.hibernate.engine.jdbc.connections.internal.DriverManagerConnectionProviderImpl buildCreator
INFO: HHH10001005: Loaded JDBC driver class: org.h2.Driver
nov. 21, 2023 10:45:28 AM org.hibernate.engine.jdbc.connections.internal.DriverManagerConnectionProviderImpl buildCreator
INFO: HHH10001012: Connecting with JDBC URL [jdbc:h2:mem:test]
nov. 21, 2023 10:45:28 AM org.hibernate.engine.jdbc.connections.internal.DriverManagerConnectionProviderImpl buildCreator
INFO: HHH10001001: Connection properties: {password=****, user=sa}
nov. 21, 2023 10:45:28 AM org.hibernate.engine.jdbc.connections.internal.DriverManagerConnectionProviderImpl buildCreator
INFO: HHH10001003: Autocommit mode: false
nov. 21, 2023 10:45:28 AM org.hibernate.engine.jdbc.connections.internal.DriverManagerConnectionProviderImpl$PooledConnections <init>
INFO: HHH10001115: Connection pool size: 20 (min=1)
nov. 21, 2023 10:45:28 AM org.hibernate.dialect.Dialect checkVersion
WARN: HHH000511: The 1.4.200 version for [org.hibernate.dialect.H2Dialect] is no longer supported, hence certain features may not work properly. The minimum supported version is 2.1.214. Check the community dialects project for available legacy versions.
nov. 21, 2023 10:45:28 AM org.hibernate.engine.transaction.jta.platform.internal.JtaPlatformInitiator initiateService
INFO: HHH000489: No JTA platform available (set 'hibernate.transaction.jta.platform' to enable JTA platform integration)
nov. 21, 2023 10:45:28 AM org.hibernate.resource.transaction.backend.jdbc.internal.DdlTransactionIsolatorNonJtaImpl getIsolatedConnection
INFO: HHH10001501: Connection obtained from JdbcConnectionAccess [org.hibernate.engine.jdbc.env.internal.JdbcEnvironmentInitiator$ConnectionProviderJdbcConnectionAccess@4860627a] for (non-JTA) DDL execution was not in auto-commit mode; the Connection 'local transaction' will be committed and the Connection will be set into auto-commit mode.
nov. 21, 2023 10:45:28 AM org.hibernate.resource.transaction.backend.jdbc.internal.DdlTransactionIsolatorNonJtaImpl getIsolatedConnection
INFO: HHH10001501: Connection obtained from JdbcConnectionAccess [org.hibernate.engine.jdbc.env.internal.JdbcEnvironmentInitiator$ConnectionProviderJdbcConnectionAccess@67f0bf7e] for (non-JTA) DDL execution was not in auto-commit mode; the Connection 'local transaction' will be committed and the Connection will be set into auto-commit mode.
nov. 21, 2023 10:45:28 AM org.hibernate.engine.jdbc.connections.internal.DriverManagerConnectionProviderImpl$PoolState stop
INFO: HHH10001008: Cleaning up connection pool [jdbc:h2:mem:test]
]]></system-err>
  </testcase>
  <testcase name="testDeleteBook" classname="Testing.BookDAOTest" time="0.138">
    <system-out><![CDATA[Hibernate: drop table if exists Author cascade 
Hibernate: drop table if exists Book cascade 
Hibernate: drop table if exists Book_Author cascade 
Hibernate: drop table if exists Category cascade 
Hibernate: create table Author (id bigint generated by default as identity, name varchar(255), primary key (id))
Hibernate: create table Book (pageCount integer, category_id bigint, id bigint generated by default as identity, book_type varchar(31) not null, format varchar(255), title varchar(255), primary key (id))
Hibernate: create table Book_Author (Book_id bigint not null, authors_id bigint not null, primary key (Book_id, authors_id))
Hibernate: create table Category (id bigint generated by default as identity, name varchar(255), primary key (id))
Hibernate: alter table if exists Book add constraint FKe4psgwi6953wvbqxruna75yax foreign key (category_id) references Category
Hibernate: alter table if exists Book_Author add constraint FKt42qaxhbq87yfijncjfrs5ukc foreign key (authors_id) references Author
Hibernate: alter table if exists Book_Author add constraint FKsbb54ii8mmfvh6h2lr0vf2r7f foreign key (Book_id) references Book
Hibernate: insert into Book (category_id,title,book_type,id) values (?,?,'Book',default)
Hibernate: select b1_0.id,b1_0.book_type,c1_0.id,c1_0.name,b1_0.title,b1_0.format,b1_0.pageCount from Book b1_0 left join Category c1_0 on c1_0.id=b1_0.category_id where b1_0.id=?
Hibernate: delete from Book_Author where Book_id=?
Hibernate: delete from Book where id=?
Hibernate: select b1_0.id,b1_0.book_type,c1_0.id,c1_0.name,b1_0.title,b1_0.format,b1_0.pageCount from Book b1_0 left join Category c1_0 on c1_0.id=b1_0.category_id where b1_0.id=?
]]></system-out>
    <system-err><![CDATA[nov. 21, 2023 10:45:28 AM org.hibernate.jpa.internal.util.LogHelper logPersistenceUnitInformation
INFO: HHH000204: Processing PersistenceUnitInfo [name: myPersistenceUnit]
nov. 21, 2023 10:45:28 AM org.hibernate.cache.internal.RegionFactoryInitiator initiateService
INFO: HHH000026: Second-level cache disabled
nov. 21, 2023 10:45:28 AM org.hibernate.engine.jdbc.connections.internal.DriverManagerConnectionProviderImpl configure
WARN: HHH10001002: Using built-in connection pool (not intended for production use)
nov. 21, 2023 10:45:28 AM org.hibernate.engine.jdbc.connections.internal.DriverManagerConnectionProviderImpl buildCreator
INFO: HHH10001005: Loaded JDBC driver class: org.h2.Driver
nov. 21, 2023 10:45:28 AM org.hibernate.engine.jdbc.connections.internal.DriverManagerConnectionProviderImpl buildCreator
INFO: HHH10001012: Connecting with JDBC URL [jdbc:h2:mem:test]
nov. 21, 2023 10:45:28 AM org.hibernate.engine.jdbc.connections.internal.DriverManagerConnectionProviderImpl buildCreator
INFO: HHH10001001: Connection properties: {password=****, user=sa}
nov. 21, 2023 10:45:28 AM org.hibernate.engine.jdbc.connections.internal.DriverManagerConnectionProviderImpl buildCreator
INFO: HHH10001003: Autocommit mode: false
nov. 21, 2023 10:45:28 AM org.hibernate.engine.jdbc.connections.internal.DriverManagerConnectionProviderImpl$PooledConnections <init>
INFO: HHH10001115: Connection pool size: 20 (min=1)
nov. 21, 2023 10:45:28 AM org.hibernate.dialect.Dialect checkVersion
WARN: HHH000511: The 1.4.200 version for [org.hibernate.dialect.H2Dialect] is no longer supported, hence certain features may not work properly. The minimum supported version is 2.1.214. Check the community dialects project for available legacy versions.
nov. 21, 2023 10:45:28 AM org.hibernate.engine.transaction.jta.platform.internal.JtaPlatformInitiator initiateService
INFO: HHH000489: No JTA platform available (set 'hibernate.transaction.jta.platform' to enable JTA platform integration)
nov. 21, 2023 10:45:28 AM org.hibernate.resource.transaction.backend.jdbc.internal.DdlTransactionIsolatorNonJtaImpl getIsolatedConnection
INFO: HHH10001501: Connection obtained from JdbcConnectionAccess [org.hibernate.engine.jdbc.env.internal.JdbcEnvironmentInitiator$ConnectionProviderJdbcConnectionAccess@3e4636c3] for (non-JTA) DDL execution was not in auto-commit mode; the Connection 'local transaction' will be committed and the Connection will be set into auto-commit mode.
nov. 21, 2023 10:45:28 AM org.hibernate.resource.transaction.backend.jdbc.internal.DdlTransactionIsolatorNonJtaImpl getIsolatedConnection
INFO: HHH10001501: Connection obtained from JdbcConnectionAccess [org.hibernate.engine.jdbc.env.internal.JdbcEnvironmentInitiator$ConnectionProviderJdbcConnectionAccess@7b6b466a] for (non-JTA) DDL execution was not in auto-commit mode; the Connection 'local transaction' will be committed and the Connection will be set into auto-commit mode.
nov. 21, 2023 10:45:28 AM org.hibernate.engine.jdbc.connections.internal.DriverManagerConnectionProviderImpl$PoolState stop
INFO: HHH10001008: Cleaning up connection pool [jdbc:h2:mem:test]
]]></system-err>
  </testcase>
</testsuite>